<?xml version="1.0" encoding="UTF-8"?>
<testng-results ignored="0" total="2" passed="2" failed="0" skipped="0">
  <reporter-output>
  </reporter-output>
  <suite started-at="2023-06-20T16:43:52 IST" name="Suite" finished-at="2023-06-20T16:44:03 IST" duration-ms="10902">
    <groups>
    </groups>
    <test started-at="2023-06-20T16:43:52 IST" name="Test" finished-at="2023-06-20T16:44:03 IST" duration-ms="10902">
      <class name="testClasses.get_TC_2_1">
        <test-method signature="execute()[pri:0, instance:testClasses.get_TC_2_1@1ca3b418]" started-at="2023-06-20T16:44:01 IST" name="execute" finished-at="2023-06-20T16:44:03 IST" duration-ms="1955" status="PASS">
          <reporter-output>
          </reporter-output>
        </test-method> <!-- execute -->
      </class> <!-- testClasses.get_TC_2_1 -->
      <class name="testClasses.get_TC_1_1">
        <test-method signature="execute()[pri:0, instance:testClasses.get_TC_1_1@793f29ff]" started-at="2023-06-20T16:43:52 IST" name="execute" finished-at="2023-06-20T16:44:01 IST" duration-ms="8601" status="PASS">
          <reporter-output>
          </reporter-output>
        </test-method> <!-- execute -->
      </class> <!-- testClasses.get_TC_1_1 -->
    </test> <!-- Test -->
  </suite> <!-- Suite -->
</testng-results>
